<?xml version="1.0" encoding="UTF-8"?>
<!-- Generated by org.testng.reporters.JUnitReportReporter -->
<testsuite hostname="MWDH-Work2" failures="0" tests="1" name="ass2textfunctionXPath.ChromWebDriver" time="30.308" errors="0" timestamp="2022-07-27T17:59:29 AST" skipped="0">
  <testcase classname="ass2textfunctionXPath.ChromWebDriver" name="LearnEnglishWebSite" time="30.308"/>
  <system-out/>
</testsuite> <!-- ass2textfunctionXPath.ChromWebDriver -->
